Pig Stack Trace
---------------
ERROR 1066: Unable to open iterator for alias x

org.apache.pig.impl.logicalLayer.FrontendException: ERROR 1066: Unable to open iterator for alias x
	at org.apache.pig.PigServer.openIterator(PigServer.java:935)
	at org.apache.pig.tools.grunt.GruntParser.processDump(GruntParser.java:746)
	at org.apache.pig.tools.pigscript.parser.PigScriptParser.parse(PigScriptParser.java:372)
	at org.apache.pig.tools.grunt.GruntParser.parseStopOnError(GruntParser.java:230)
	at org.apache.pig.tools.grunt.GruntParser.parseStopOnError(GruntParser.java:205)
	at org.apache.pig.tools.grunt.Grunt.run(Grunt.java:66)
	at org.apache.pig.Main.run(Main.java:558)
	at org.apache.pig.Main.main(Main.java:170)
	at sun.reflect.NativeMethodAccessorImpl.invoke0(Native Method)
	at sun.reflect.NativeMethodAccessorImpl.invoke(NativeMethodAccessorImpl.java:62)
	at sun.reflect.DelegatingMethodAccessorImpl.invoke(DelegatingMethodAccessorImpl.java:43)
	at java.lang.reflect.Method.invoke(Method.java:497)
	at org.apache.hadoop.util.RunJar.main(RunJar.java:212)
Caused by: java.io.IOException: Job terminated with anomalous status FAILED
	at org.apache.pig.PigServer.openIterator(PigServer.java:927)
	... 12 more
================================================================================
Pig Stack Trace
---------------
ERROR 1003: Unable to find an operator for alias noexp

org.apache.pig.impl.logicalLayer.FrontendException: ERROR 1001: Unable to describe schema for alias noexp
	at org.apache.pig.PigServer.dumpSchema(PigServer.java:823)
	at org.apache.pig.tools.grunt.GruntParser.processDescribe(GruntParser.java:321)
	at org.apache.pig.tools.pigscript.parser.PigScriptParser.parse(PigScriptParser.java:412)
	at org.apache.pig.tools.grunt.GruntParser.parseStopOnError(GruntParser.java:230)
	at org.apache.pig.tools.grunt.GruntParser.parseStopOnError(GruntParser.java:205)
	at org.apache.pig.tools.grunt.Grunt.run(Grunt.java:66)
	at org.apache.pig.Main.run(Main.java:558)
	at org.apache.pig.Main.main(Main.java:170)
	at sun.reflect.NativeMethodAccessorImpl.invoke0(Native Method)
	at sun.reflect.NativeMethodAccessorImpl.invoke(NativeMethodAccessorImpl.java:62)
	at sun.reflect.DelegatingMethodAccessorImpl.invoke(DelegatingMethodAccessorImpl.java:43)
	at java.lang.reflect.Method.invoke(Method.java:497)
	at org.apache.hadoop.util.RunJar.main(RunJar.java:212)
Caused by: org.apache.pig.impl.logicalLayer.FrontendException: ERROR 1003: Unable to find an operator for alias noexp
	at org.apache.pig.PigServer$Graph.buildPlan(PigServer.java:1544)
	at org.apache.pig.PigServer.buildStorePlan(PigServer.java:1331)
	at org.apache.pig.PigServer.getOperatorForAlias(PigServer.java:1418)
	at org.apache.pig.PigServer.dumpSchema(PigServer.java:806)
	... 12 more
================================================================================
Pig Stack Trace
---------------
ERROR 1025: 
<line 8, column 30> Invalid field projection. Projected field [expense] does not exist in schema: empid:int,:bag{:tuple(empname:chararray)},:bag{:tuple(expense:double)}.

org.apache.pig.impl.plan.PlanValidationException: ERROR 1025: 
<line 8, column 30> Invalid field projection. Projected field [expense] does not exist in schema: empid:int,:bag{:tuple(empname:chararray)},:bag{:tuple(expense:double)}.
	at org.apache.pig.newplan.logical.expression.ProjectExpression.findColNum(ProjectExpression.java:191)
	at org.apache.pig.newplan.logical.expression.ProjectExpression.setColumnNumberFromAlias(ProjectExpression.java:174)
	at org.apache.pig.newplan.logical.visitor.ColumnAliasConversionVisitor$1.visit(ColumnAliasConversionVisitor.java:53)
	at org.apache.pig.newplan.logical.expression.ProjectExpression.accept(ProjectExpression.java:215)
	at org.apache.pig.newplan.DependencyOrderWalker.walk(DependencyOrderWalker.java:75)
	at org.apache.pig.newplan.PlanVisitor.visit(PlanVisitor.java:52)
	at org.apache.pig.newplan.logical.optimizer.AllExpressionVisitor.visit(AllExpressionVisitor.java:80)
	at org.apache.pig.newplan.logical.relational.LOFilter.accept(LOFilter.java:79)
	at org.apache.pig.newplan.DependencyOrderWalker.walk(DependencyOrderWalker.java:75)
	at org.apache.pig.newplan.PlanVisitor.visit(PlanVisitor.java:52)
	at org.apache.pig.newplan.logical.relational.LogicalPlan.validate(LogicalPlan.java:175)
	at org.apache.pig.PigServer$Graph.validateQuery(PigServer.java:1708)
	at org.apache.pig.PigServer$Graph.registerQuery(PigServer.java:1680)
	at org.apache.pig.PigServer.registerQuery(PigServer.java:623)
	at org.apache.pig.tools.grunt.GruntParser.processPig(GruntParser.java:1063)
	at org.apache.pig.tools.pigscript.parser.PigScriptParser.parse(PigScriptParser.java:501)
	at org.apache.pig.tools.grunt.GruntParser.parseStopOnError(GruntParser.java:230)
	at org.apache.pig.tools.grunt.GruntParser.parseStopOnError(GruntParser.java:205)
	at org.apache.pig.tools.grunt.Grunt.run(Grunt.java:66)
	at org.apache.pig.Main.run(Main.java:558)
	at org.apache.pig.Main.main(Main.java:170)
	at sun.reflect.NativeMethodAccessorImpl.invoke0(Native Method)
	at sun.reflect.NativeMethodAccessorImpl.invoke(NativeMethodAccessorImpl.java:62)
	at sun.reflect.DelegatingMethodAccessorImpl.invoke(DelegatingMethodAccessorImpl.java:43)
	at java.lang.reflect.Method.invoke(Method.java:497)
	at org.apache.hadoop.util.RunJar.main(RunJar.java:212)
================================================================================
Pig Stack Trace
---------------
ERROR 1200: Pig script failed to parse: 
<line 8, column 30> Invalid scalar projection: no_exp_list

Failed to parse: Pig script failed to parse: 
<line 8, column 30> Invalid scalar projection: no_exp_list
	at org.apache.pig.parser.QueryParserDriver.parse(QueryParserDriver.java:199)
	at org.apache.pig.PigServer$Graph.validateQuery(PigServer.java:1707)
	at org.apache.pig.PigServer$Graph.registerQuery(PigServer.java:1680)
	at org.apache.pig.PigServer.registerQuery(PigServer.java:623)
	at org.apache.pig.tools.grunt.GruntParser.processPig(GruntParser.java:1063)
	at org.apache.pig.tools.pigscript.parser.PigScriptParser.parse(PigScriptParser.java:501)
	at org.apache.pig.tools.grunt.GruntParser.parseStopOnError(GruntParser.java:230)
	at org.apache.pig.tools.grunt.GruntParser.parseStopOnError(GruntParser.java:205)
	at org.apache.pig.tools.grunt.Grunt.run(Grunt.java:66)
	at org.apache.pig.Main.run(Main.java:558)
	at org.apache.pig.Main.main(Main.java:170)
	at sun.reflect.NativeMethodAccessorImpl.invoke0(Native Method)
	at sun.reflect.NativeMethodAccessorImpl.invoke(NativeMethodAccessorImpl.java:62)
	at sun.reflect.DelegatingMethodAccessorImpl.invoke(DelegatingMethodAccessorImpl.java:43)
	at java.lang.reflect.Method.invoke(Method.java:497)
	at org.apache.hadoop.util.RunJar.main(RunJar.java:212)
Caused by: 
<line 8, column 30> Invalid scalar projection: no_exp_list
	at org.apache.pig.parser.LogicalPlanGenerator.var_expr(LogicalPlanGenerator.java:10888)
	at org.apache.pig.parser.LogicalPlanGenerator.expr(LogicalPlanGenerator.java:10159)
	at org.apache.pig.parser.LogicalPlanGenerator.cond(LogicalPlanGenerator.java:8463)
	at org.apache.pig.parser.LogicalPlanGenerator.filter_clause(LogicalPlanGenerator.java:8079)
	at org.apache.pig.parser.LogicalPlanGenerator.op_clause(LogicalPlanGenerator.java:1691)
	at org.apache.pig.parser.LogicalPlanGenerator.general_statement(LogicalPlanGenerator.java:1102)
	at org.apache.pig.parser.LogicalPlanGenerator.statement(LogicalPlanGenerator.java:560)
	at org.apache.pig.parser.LogicalPlanGenerator.query(LogicalPlanGenerator.java:421)
	at org.apache.pig.parser.QueryParserDriver.parse(QueryParserDriver.java:191)
	... 15 more
================================================================================
Pig Stack Trace
---------------
ERROR 1200: <line 9, column 28>  Syntax error, unexpected symbol at or near ':'

Failed to parse: <line 9, column 28>  Syntax error, unexpected symbol at or near ':'
	at org.apache.pig.parser.QueryParserDriver.parse(QueryParserDriver.java:244)
	at org.apache.pig.parser.QueryParserDriver.parse(QueryParserDriver.java:182)
	at org.apache.pig.PigServer$Graph.validateQuery(PigServer.java:1707)
	at org.apache.pig.PigServer$Graph.registerQuery(PigServer.java:1680)
	at org.apache.pig.PigServer.registerQuery(PigServer.java:623)
	at org.apache.pig.tools.grunt.GruntParser.processPig(GruntParser.java:1063)
	at org.apache.pig.tools.pigscript.parser.PigScriptParser.parse(PigScriptParser.java:501)
	at org.apache.pig.tools.grunt.GruntParser.parseStopOnError(GruntParser.java:230)
	at org.apache.pig.tools.grunt.GruntParser.parseStopOnError(GruntParser.java:205)
	at org.apache.pig.tools.grunt.Grunt.run(Grunt.java:66)
	at org.apache.pig.Main.run(Main.java:558)
	at org.apache.pig.Main.main(Main.java:170)
	at sun.reflect.NativeMethodAccessorImpl.invoke0(Native Method)
	at sun.reflect.NativeMethodAccessorImpl.invoke(NativeMethodAccessorImpl.java:62)
	at sun.reflect.DelegatingMethodAccessorImpl.invoke(DelegatingMethodAccessorImpl.java:43)
	at java.lang.reflect.Method.invoke(Method.java:497)
	at org.apache.hadoop.util.RunJar.main(RunJar.java:212)
================================================================================
